


ARM Macro Assembler    Page 1 ders6


    1 00000000                 TTL              ders6
    2 00000000                 AREA             program, CODE,READONLY
    3 00000000                 ENTRY
    4 00000000         
    5 00000000         ;LDR r0,=0xCDAB1E9B
    6 00000000         ;LDR r3,=0x6A289924 ; Bic maskesi
    7 00000000         ;BIC r0,r0,r3
    8 00000000         
    9 00000000                 END
Command Line: --debug --xref --diag_suppress=9931 --apcs=interwork --depend=.\o
bjects\anad.d -o.\objects\anad.o -IC:\Keil_v5\ARM\RV31\INC -IC:\Keil_v5\ARM\CMS
IS\Include --predefine="__EVAL SETA 1" --predefine="__UVISION_VERSION SETA 524"
 --list=.\listings\anad.lst anad.s



ARM Macro Assembler    Page 1 Alphabetic symbol ordering
Relocatable symbols

program 00000000

Symbol: program
   Definitions
      At line 2 in file anad.s
   Uses
      None
Comment: program unused
1 symbol
333 symbols in table
