


ARM Macro Assembler    Page 1 Ders5


    1 00000000                 TTL              Ders5
    2 00000000                 AREA             prog ,CODE, READONLY
    3 00000000                 ENTRY
    4 00000000         
    5 00000000 E3A0001B        LDR              r0,=2_00011011
    6 00000004 E3A010EF        LDR              r1,=2_11101111
    7 00000008 E0903001        ADDS             r3,r0,r1
    8 0000000C EAFFFFFE 
                       stop    B                stop
    9 00000010                 END
Command Line: --debug --xref --diag_suppress=9931 --apcs=interwork --depend=.\o
bjects\anadosya.d -o.\objects\anadosya.o -IC:\Keil_v5\ARM\RV31\INC -IC:\Keil_v5
\ARM\CMSIS\Include --predefine="__EVAL SETA 1" --predefine="__UVISION_VERSION S
ETA 524" --list=.\listings\anadosya.lst Ders5\anadosya.s



ARM Macro Assembler    Page 1 Alphabetic symbol ordering
Relocatable symbols

prog 00000000

Symbol: prog
   Definitions
      At line 2 in file Ders5\anadosya.s
   Uses
      None
Comment: prog unused
stop 0000000C

Symbol: stop
   Definitions
      At line 8 in file Ders5\anadosya.s
   Uses
      At line 8 in file Ders5\anadosya.s
Comment: stop used once
2 symbols
334 symbols in table
